2018-12-05 14:43:32,564 - INFO - app.py - get_seats_info - 247 - testing info log
2018-12-05 14:43:32,577 - INFO - app.py - get_seats_info - 247 - testing info log
2018-12-05 14:43:32,587 - INFO - app.py - get_seats_info - 247 - testing info log
2018-12-05 14:43:32,942 - INFO - app.py - get_seats_info - 247 - testing info log
2018-12-05 14:43:32,996 - INFO - app.py - get_seats_info - 247 - testing info log
2018-12-05 14:43:33,215 - INFO - app.py - get_seats_info - 247 - testing info log
2018-12-05 14:43:33,944 - INFO - app.py - get_seats_info - 247 - testing info log
2018-12-05 14:43:34,246 - INFO - app.py - get_seats_info - 247 - testing info log
2018-12-05 14:43:34,929 - INFO - app.py - get_seats_info - 247 - testing info log
2018-12-05 14:43:35,121 - INFO - app.py - get_seats_info - 247 - testing info log
2018-12-05 14:43:35,241 - INFO - app.py - get_seats_info - 247 - testing info log
2018-12-05 14:43:35,942 - INFO - app.py - get_seats_info - 247 - testing info log
2018-12-05 14:43:36,262 - INFO - app.py - get_seats_info - 247 - testing info log
2018-12-05 14:43:36,940 - INFO - app.py - get_seats_info - 247 - testing info log
2018-12-05 14:43:37,188 - INFO - app.py - get_seats_info - 247 - testing info log
2018-12-05 14:43:37,284 - INFO - app.py - get_seats_info - 247 - testing info log
2018-12-05 14:43:37,941 - INFO - app.py - get_seats_info - 247 - testing info log
2018-12-05 14:43:38,239 - INFO - app.py - get_seats_info - 247 - testing info log
2018-12-05 14:43:38,940 - INFO - app.py - get_seats_info - 247 - testing info log
2018-12-05 14:43:38,978 - INFO - app.py - get_seats_info - 247 - testing info log
2018-12-05 14:43:39,323 - INFO - app.py - get_seats_info - 247 - testing info log
2018-12-05 14:43:39,942 - INFO - app.py - get_seats_info - 247 - testing info log
2018-12-05 14:43:40,195 - INFO - app.py - get_seats_info - 247 - testing info log
2018-12-05 14:43:40,937 - INFO - app.py - get_seats_info - 247 - testing info log
2018-12-05 14:43:40,992 - INFO - app.py - get_seats_info - 247 - testing info log
2018-12-05 14:43:41,244 - INFO - app.py - get_seats_info - 247 - testing info log
2018-12-05 14:43:41,940 - INFO - app.py - get_seats_info - 247 - testing info log
2018-12-05 14:43:42,255 - INFO - app.py - get_seats_info - 247 - testing info log
2018-12-05 14:43:42,926 - INFO - app.py - get_seats_info - 247 - testing info log
2018-12-05 14:43:42,995 - INFO - app.py - get_seats_info - 247 - testing info log
2018-12-05 14:43:43,261 - INFO - app.py - get_seats_info - 247 - testing info log
2018-12-05 14:43:43,931 - INFO - app.py - get_seats_info - 247 - testing info log
2018-12-05 14:43:44,258 - INFO - app.py - get_seats_info - 247 - testing info log
2018-12-05 14:43:44,948 - INFO - app.py - get_seats_info - 247 - testing info log
2018-12-05 14:43:44,976 - INFO - app.py - get_seats_info - 247 - testing info log
2018-12-05 14:43:45,253 - INFO - app.py - get_seats_info - 247 - testing info log
2018-12-05 14:43:45,954 - INFO - app.py - get_seats_info - 247 - testing info log
2018-12-05 14:43:46,254 - INFO - app.py - get_seats_info - 247 - testing info log
2018-12-05 14:43:46,940 - INFO - app.py - get_seats_info - 247 - testing info log
2018-12-05 14:43:46,977 - INFO - app.py - get_seats_info - 247 - testing info log
2018-12-05 14:43:47,255 - INFO - app.py - get_seats_info - 247 - testing info log
2018-12-05 14:43:47,943 - INFO - app.py - get_seats_info - 247 - testing info log
2018-12-05 14:43:48,254 - INFO - app.py - get_seats_info - 247 - testing info log
2018-12-05 14:43:48,929 - INFO - app.py - get_seats_info - 247 - testing info log
2018-12-05 14:43:48,977 - INFO - app.py - get_seats_info - 247 - testing info log
2018-12-05 14:43:49,260 - INFO - app.py - get_seats_info - 247 - testing info log
2018-12-05 14:43:49,544 - INFO - app.py - get_seats_info - 247 - testing info log
2018-12-05 14:43:49,942 - INFO - app.py - get_seats_info - 247 - testing info log
2018-12-05 14:43:50,315 - INFO - app.py - get_seats_info - 247 - testing info log
2018-12-05 14:43:50,326 - INFO - app.py - get_seats_info - 247 - testing info log
2018-12-05 14:43:50,940 - INFO - app.py - get_seats_info - 247 - testing info log
2018-12-05 14:43:50,985 - INFO - app.py - get_seats_info - 247 - testing info log
2018-12-05 14:43:51,210 - INFO - app.py - get_seats_info - 247 - testing info log
2018-12-05 14:43:51,944 - INFO - app.py - get_seats_info - 247 - testing info log
2018-12-05 14:43:52,239 - INFO - app.py - get_seats_info - 247 - testing info log
2018-12-05 14:43:52,939 - INFO - app.py - get_seats_info - 247 - testing info log
2018-12-05 14:43:52,983 - INFO - app.py - get_seats_info - 247 - testing info log
2018-12-05 14:43:52,994 - INFO - app.py - get_seats_info - 247 - testing info log
2018-12-05 14:43:53,257 - INFO - app.py - get_seats_info - 247 - testing info log
2018-12-05 14:43:53,938 - INFO - app.py - get_seats_info - 247 - testing info log
2018-12-05 14:43:53,984 - INFO - app.py - get_seats_info - 247 - testing info log
2018-12-05 14:43:54,257 - INFO - app.py - get_seats_info - 247 - testing info log
2018-12-05 14:43:54,945 - INFO - app.py - get_seats_info - 247 - testing info log
2018-12-05 14:43:54,963 - INFO - app.py - get_seats_info - 247 - testing info log
2018-12-05 14:43:55,001 - INFO - app.py - get_seats_info - 247 - testing info log
2018-12-05 14:43:55,256 - INFO - app.py - get_seats_info - 247 - testing info log
2018-12-05 14:43:55,929 - INFO - app.py - get_seats_info - 247 - testing info log
2018-12-05 14:43:55,983 - INFO - app.py - get_seats_info - 247 - testing info log
2018-12-05 14:43:56,254 - INFO - app.py - get_seats_info - 247 - testing info log
2018-12-05 14:43:56,933 - INFO - app.py - get_seats_info - 247 - testing info log
2018-12-05 14:43:56,984 - INFO - app.py - get_seats_info - 247 - testing info log
2018-12-05 14:43:56,995 - INFO - app.py - get_seats_info - 247 - testing info log
2018-12-05 14:43:57,257 - INFO - app.py - get_seats_info - 247 - testing info log
2018-12-05 14:43:57,935 - INFO - app.py - get_seats_info - 247 - testing info log
2018-12-05 14:43:57,984 - INFO - app.py - get_seats_info - 247 - testing info log
2018-12-05 14:43:58,255 - INFO - app.py - get_seats_info - 247 - testing info log
2018-12-05 14:43:58,939 - INFO - app.py - get_seats_info - 247 - testing info log
2018-12-05 14:43:58,991 - INFO - app.py - get_seats_info - 247 - testing info log
2018-12-05 14:43:59,002 - INFO - app.py - get_seats_info - 247 - testing info log
2018-12-05 14:43:59,257 - INFO - app.py - get_seats_info - 247 - testing info log
2018-12-05 14:44:00,024 - INFO - app.py - get_seats_info - 247 - testing info log
2018-12-05 14:44:00,126 - INFO - app.py - get_seats_info - 247 - testing info log
2018-12-05 14:44:00,256 - INFO - app.py - get_seats_info - 247 - testing info log
2018-12-05 14:44:00,869 - INFO - app.py - get_seats_info - 247 - testing info log
2018-12-05 14:44:00,961 - INFO - app.py - get_seats_info - 247 - testing info log
2018-12-05 14:44:01,006 - INFO - app.py - get_seats_info - 247 - testing info log
2018-12-05 14:44:01,262 - INFO - app.py - get_seats_info - 247 - testing info log
2018-12-05 14:44:02,458 - INFO - app.py - get_seats_info - 247 - testing info log
2018-12-05 14:44:02,469 - INFO - app.py - get_seats_info - 247 - testing info log
2018-12-05 14:44:02,985 - INFO - app.py - get_seats_info - 247 - testing info log
2018-12-05 14:44:03,021 - INFO - app.py - get_seats_info - 247 - testing info log
2018-12-05 14:44:03,196 - INFO - app.py - get_seats_info - 247 - testing info log
2018-12-05 14:44:03,540 - INFO - app.py - get_seats_info - 247 - testing info log
2018-12-05 14:44:03,876 - INFO - app.py - get_seats_info - 247 - testing info log
2018-12-05 14:44:03,990 - INFO - app.py - get_seats_info - 247 - testing info log
2018-12-05 14:44:04,279 - INFO - app.py - get_seats_info - 247 - testing info log
2018-12-05 14:44:04,532 - INFO - app.py - get_seats_info - 247 - testing info log
2018-12-05 14:44:04,984 - INFO - app.py - get_seats_info - 247 - testing info log
2018-12-05 14:44:05,002 - INFO - app.py - get_seats_info - 247 - testing info log
2018-12-05 14:44:05,238 - INFO - app.py - get_seats_info - 247 - testing info log
2018-12-05 14:44:05,536 - INFO - app.py - get_seats_info - 247 - testing info log
2018-12-05 14:44:05,999 - INFO - app.py - get_seats_info - 247 - testing info log
2018-12-05 14:44:06,255 - INFO - app.py - get_seats_info - 247 - testing info log
2018-12-05 14:44:06,539 - INFO - app.py - get_seats_info - 247 - testing info log
2018-12-05 14:44:06,976 - INFO - app.py - get_seats_info - 247 - testing info log
2018-12-05 14:44:07,041 - INFO - app.py - get_seats_info - 247 - testing info log
2018-12-05 14:44:07,257 - INFO - app.py - get_seats_info - 247 - testing info log
2018-12-05 14:44:07,535 - INFO - app.py - get_seats_info - 247 - testing info log
2018-12-05 14:44:07,995 - INFO - app.py - get_seats_info - 247 - testing info log
2018-12-05 14:44:08,254 - INFO - app.py - get_seats_info - 247 - testing info log
2018-12-05 14:44:08,537 - INFO - app.py - get_seats_info - 247 - testing info log
2018-12-05 14:44:08,984 - INFO - app.py - get_seats_info - 247 - testing info log
2018-12-05 14:44:08,995 - INFO - app.py - get_seats_info - 247 - testing info log
2018-12-05 14:44:09,255 - INFO - app.py - get_seats_info - 247 - testing info log
2018-12-05 14:44:09,532 - INFO - app.py - get_seats_info - 247 - testing info log
2018-12-05 14:44:10,023 - INFO - app.py - get_seats_info - 247 - testing info log
2018-12-05 14:44:10,321 - INFO - app.py - get_seats_info - 247 - testing info log
2018-12-05 14:44:10,565 - INFO - app.py - get_seats_info - 247 - testing info log
2018-12-05 14:44:11,006 - INFO - app.py - get_seats_info - 247 - testing info log
2018-12-05 14:44:11,030 - INFO - app.py - get_seats_info - 247 - testing info log
2018-12-05 14:44:11,209 - INFO - app.py - get_seats_info - 247 - testing info log
2018-12-05 14:44:11,545 - INFO - app.py - get_seats_info - 247 - testing info log
2018-12-05 14:44:12,043 - INFO - app.py - get_seats_info - 247 - testing info log
2018-12-05 14:44:12,257 - INFO - app.py - get_seats_info - 247 - testing info log
2018-12-05 14:44:12,548 - INFO - app.py - get_seats_info - 247 - testing info log
2018-12-05 14:44:12,984 - INFO - app.py - get_seats_info - 247 - testing info log
2018-12-05 14:44:12,995 - INFO - app.py - get_seats_info - 247 - testing info log
2018-12-05 14:44:13,253 - INFO - app.py - get_seats_info - 247 - testing info log
2018-12-05 14:44:13,537 - INFO - app.py - get_seats_info - 247 - testing info log
2018-12-05 14:44:14,276 - INFO - app.py - get_seats_info - 247 - testing info log
2018-12-05 14:44:14,548 - INFO - app.py - get_seats_info - 247 - testing info log
2018-12-05 14:44:14,979 - INFO - app.py - get_seats_info - 247 - testing info log
2018-12-05 14:44:15,259 - INFO - app.py - get_seats_info - 247 - testing info log
2018-12-05 14:44:15,541 - INFO - app.py - get_seats_info - 247 - testing info log
2018-12-05 14:44:16,212 - INFO - app.py - get_seats_info - 247 - testing info log
2018-12-05 14:44:16,545 - INFO - app.py - get_seats_info - 247 - testing info log
2018-12-05 14:44:16,977 - INFO - app.py - get_seats_info - 247 - testing info log
2018-12-05 14:44:17,254 - INFO - app.py - get_seats_info - 247 - testing info log
2018-12-05 14:44:17,539 - INFO - app.py - get_seats_info - 247 - testing info log
2018-12-05 14:44:18,262 - INFO - app.py - get_seats_info - 247 - testing info log
2018-12-05 14:44:18,544 - INFO - app.py - get_seats_info - 247 - testing info log
2018-12-05 14:44:18,979 - INFO - app.py - get_seats_info - 247 - testing info log
2018-12-05 14:44:19,255 - INFO - app.py - get_seats_info - 247 - testing info log
2018-12-05 14:44:19,546 - INFO - app.py - get_seats_info - 247 - testing info log
2018-12-05 14:44:20,258 - INFO - app.py - get_seats_info - 247 - testing info log
2018-12-05 14:44:20,544 - INFO - app.py - get_seats_info - 247 - testing info log
2018-12-05 14:44:20,978 - INFO - app.py - get_seats_info - 247 - testing info log
2018-12-05 14:44:21,264 - INFO - app.py - get_seats_info - 247 - testing info log
2018-12-05 14:44:21,539 - INFO - app.py - get_seats_info - 247 - testing info log
2018-12-05 14:44:22,258 - INFO - app.py - get_seats_info - 247 - testing info log
2018-12-05 14:44:22,536 - INFO - app.py - get_seats_info - 247 - testing info log
2018-12-05 14:44:22,979 - INFO - app.py - get_seats_info - 247 - testing info log
2018-12-05 14:44:23,257 - INFO - app.py - get_seats_info - 247 - testing info log
2018-12-05 14:44:23,534 - INFO - app.py - get_seats_info - 247 - testing info log
2018-12-05 14:44:24,258 - INFO - app.py - get_seats_info - 247 - testing info log
2018-12-05 14:44:24,546 - INFO - app.py - get_seats_info - 247 - testing info log
2018-12-05 14:44:24,993 - INFO - app.py - get_seats_info - 247 - testing info log
2018-12-05 14:44:25,257 - INFO - app.py - get_seats_info - 247 - testing info log
2018-12-05 14:44:25,537 - INFO - app.py - get_seats_info - 247 - testing info log
2018-12-05 14:44:26,265 - INFO - app.py - get_seats_info - 247 - testing info log
2018-12-05 14:44:26,556 - INFO - app.py - get_seats_info - 247 - testing info log
2018-12-05 14:44:26,977 - INFO - app.py - get_seats_info - 247 - testing info log
2018-12-05 14:44:27,258 - INFO - app.py - get_seats_info - 247 - testing info log
2018-12-05 14:44:27,591 - INFO - app.py - get_seats_info - 247 - testing info log
2018-12-05 14:44:28,254 - INFO - app.py - get_seats_info - 247 - testing info log
2018-12-05 14:44:28,547 - INFO - app.py - get_seats_info - 247 - testing info log
2018-12-05 14:44:28,979 - INFO - app.py - get_seats_info - 247 - testing info log
2018-12-05 14:44:29,259 - INFO - app.py - get_seats_info - 247 - testing info log
2018-12-05 14:44:29,542 - INFO - app.py - get_seats_info - 247 - testing info log
2018-12-05 14:44:30,265 - INFO - app.py - get_seats_info - 247 - testing info log
2018-12-05 14:44:30,545 - INFO - app.py - get_seats_info - 247 - testing info log
2018-12-05 14:44:30,979 - INFO - app.py - get_seats_info - 247 - testing info log
2018-12-05 14:44:31,243 - INFO - app.py - get_seats_info - 247 - testing info log
2018-12-05 14:44:31,542 - INFO - app.py - get_seats_info - 247 - testing info log
2018-12-05 14:44:32,259 - INFO - app.py - get_seats_info - 247 - testing info log
2018-12-05 14:44:32,546 - INFO - app.py - get_seats_info - 247 - testing info log
2018-12-05 14:44:32,982 - INFO - app.py - get_seats_info - 247 - testing info log
2018-12-05 14:44:33,323 - INFO - app.py - get_seats_info - 247 - testing info log
2018-12-05 14:44:33,545 - INFO - app.py - get_seats_info - 247 - testing info log
2018-12-05 14:44:34,196 - INFO - app.py - get_seats_info - 247 - testing info log
2018-12-05 14:44:34,546 - INFO - app.py - get_seats_info - 247 - testing info log
2018-12-05 14:44:34,981 - INFO - app.py - get_seats_info - 247 - testing info log
2018-12-05 14:44:35,255 - INFO - app.py - get_seats_info - 247 - testing info log
2018-12-05 14:44:35,544 - INFO - app.py - get_seats_info - 247 - testing info log
2018-12-05 14:44:36,261 - INFO - app.py - get_seats_info - 247 - testing info log
2018-12-05 14:44:36,544 - INFO - app.py - get_seats_info - 247 - testing info log
2018-12-05 14:44:36,979 - INFO - app.py - get_seats_info - 247 - testing info log
2018-12-05 14:44:37,259 - INFO - app.py - get_seats_info - 247 - testing info log
2018-12-05 14:44:37,530 - INFO - app.py - get_seats_info - 247 - testing info log
2018-12-05 14:44:38,256 - INFO - app.py - get_seats_info - 247 - testing info log
2018-12-05 14:44:38,535 - INFO - app.py - get_seats_info - 247 - testing info log
2018-12-05 14:44:39,020 - INFO - app.py - get_seats_info - 247 - testing info log
2018-12-05 14:44:39,260 - INFO - app.py - get_seats_info - 247 - testing info log
2018-12-05 14:44:39,568 - INFO - app.py - get_seats_info - 247 - testing info log
2018-12-05 14:44:40,255 - INFO - app.py - get_seats_info - 247 - testing info log
2018-12-05 14:44:40,543 - INFO - app.py - get_seats_info - 247 - testing info log
2018-12-05 14:44:40,979 - INFO - app.py - get_seats_info - 247 - testing info log
2018-12-05 14:44:41,197 - INFO - app.py - get_seats_info - 247 - testing info log
2018-12-05 14:44:41,539 - INFO - app.py - get_seats_info - 247 - testing info log
2018-12-05 14:44:42,259 - INFO - app.py - get_seats_info - 247 - testing info log
2018-12-05 14:44:42,599 - INFO - app.py - get_seats_info - 247 - testing info log
2018-12-05 14:44:43,019 - INFO - app.py - get_seats_info - 247 - testing info log
2018-12-05 14:44:43,257 - INFO - app.py - get_seats_info - 247 - testing info log
2018-12-05 14:44:43,548 - INFO - app.py - get_seats_info - 247 - testing info log
2018-12-05 14:44:44,259 - INFO - app.py - get_seats_info - 247 - testing info log
2018-12-05 14:44:44,547 - INFO - app.py - get_seats_info - 247 - testing info log
2018-12-05 14:44:44,980 - INFO - app.py - get_seats_info - 247 - testing info log
2018-12-05 14:44:45,262 - INFO - app.py - get_seats_info - 247 - testing info log
2018-12-05 14:44:45,537 - INFO - app.py - get_seats_info - 247 - testing info log
2018-12-05 14:44:46,259 - INFO - app.py - get_seats_info - 247 - testing info log
2018-12-05 14:44:46,537 - INFO - app.py - get_seats_info - 247 - testing info log
2018-12-05 14:44:47,013 - INFO - app.py - get_seats_info - 247 - testing info log
2018-12-05 14:44:47,260 - INFO - app.py - get_seats_info - 247 - testing info log
2018-12-05 14:44:47,540 - INFO - app.py - get_seats_info - 247 - testing info log
2018-12-05 14:44:48,287 - INFO - app.py - get_seats_info - 247 - testing info log
2018-12-05 14:44:48,537 - INFO - app.py - get_seats_info - 247 - testing info log
2018-12-05 14:44:48,980 - INFO - app.py - get_seats_info - 247 - testing info log
2018-12-05 14:44:49,245 - INFO - app.py - get_seats_info - 247 - testing info log
2018-12-05 14:44:49,532 - INFO - app.py - get_seats_info - 247 - testing info log
2018-12-05 14:44:50,269 - INFO - app.py - get_seats_info - 247 - testing info log
2018-12-05 14:44:50,570 - INFO - app.py - get_seats_info - 247 - testing info log
2018-12-05 14:44:50,994 - INFO - app.py - get_seats_info - 247 - testing info log
2018-12-05 14:44:51,244 - INFO - app.py - get_seats_info - 247 - testing info log
2018-12-05 14:44:51,534 - INFO - app.py - get_seats_info - 247 - testing info log
2018-12-05 14:44:52,284 - INFO - app.py - get_seats_info - 247 - testing info log
2018-12-05 14:44:52,570 - INFO - app.py - get_seats_info - 247 - testing info log
2018-12-05 14:44:52,984 - INFO - app.py - get_seats_info - 247 - testing info log
2018-12-05 14:44:53,248 - INFO - app.py - get_seats_info - 247 - testing info log
2018-12-05 14:44:53,531 - INFO - app.py - get_seats_info - 247 - testing info log
2018-12-05 14:44:54,260 - INFO - app.py - get_seats_info - 247 - testing info log
2018-12-05 14:44:54,540 - INFO - app.py - get_seats_info - 247 - testing info log
2018-12-05 14:44:54,984 - INFO - app.py - get_seats_info - 247 - testing info log
2018-12-05 14:44:55,256 - INFO - app.py - get_seats_info - 247 - testing info log
2018-12-05 14:44:55,536 - INFO - app.py - get_seats_info - 247 - testing info log
2018-12-05 14:44:56,300 - INFO - app.py - get_seats_info - 247 - testing info log
2018-12-05 14:44:56,531 - INFO - app.py - get_seats_info - 247 - testing info log
2018-12-05 14:44:56,982 - INFO - app.py - get_seats_info - 247 - testing info log
2018-12-05 14:44:57,245 - INFO - app.py - get_seats_info - 247 - testing info log
2018-12-05 14:44:57,540 - INFO - app.py - get_seats_info - 247 - testing info log
2018-12-05 14:44:58,258 - INFO - app.py - get_seats_info - 247 - testing info log
2018-12-05 14:44:58,558 - INFO - app.py - get_seats_info - 247 - testing info log
2018-12-05 14:44:58,980 - INFO - app.py - get_seats_info - 247 - testing info log
2018-12-05 14:44:59,268 - INFO - app.py - get_seats_info - 247 - testing info log
2018-12-05 14:44:59,540 - INFO - app.py - get_seats_info - 247 - testing info log
2018-12-05 14:45:00,250 - INFO - app.py - get_seats_info - 247 - testing info log
2018-12-05 14:45:00,544 - INFO - app.py - get_seats_info - 247 - testing info log
2018-12-05 14:45:00,980 - INFO - app.py - get_seats_info - 247 - testing info log
2018-12-05 14:45:01,257 - INFO - app.py - get_seats_info - 247 - testing info log
2018-12-05 14:45:01,538 - INFO - app.py - get_seats_info - 247 - testing info log
2018-12-05 14:45:02,268 - INFO - app.py - get_seats_info - 247 - testing info log
2018-12-05 14:45:02,542 - INFO - app.py - get_seats_info - 247 - testing info log
2018-12-05 14:45:02,984 - INFO - app.py - get_seats_info - 247 - testing info log
2018-12-05 14:45:03,264 - INFO - app.py - get_seats_info - 247 - testing info log
2018-12-05 14:45:03,539 - INFO - app.py - get_seats_info - 247 - testing info log
2018-12-05 14:45:04,251 - INFO - app.py - get_seats_info - 247 - testing info log
2018-12-05 14:45:04,546 - INFO - app.py - get_seats_info - 247 - testing info log
2018-12-05 14:45:05,009 - INFO - app.py - get_seats_info - 247 - testing info log
2018-12-05 14:45:05,259 - INFO - app.py - get_seats_info - 247 - testing info log
2018-12-05 14:45:05,526 - INFO - app.py - get_seats_info - 247 - testing info log
2018-12-05 14:45:06,342 - INFO - app.py - get_seats_info - 247 - testing info log
2018-12-05 14:45:06,544 - INFO - app.py - get_seats_info - 247 - testing info log
2018-12-05 14:45:06,993 - INFO - app.py - get_seats_info - 247 - testing info log
2018-12-05 14:45:07,473 - INFO - app.py - get_seats_info - 247 - testing info log
2018-12-05 14:45:07,537 - INFO - app.py - get_seats_info - 247 - testing info log
2018-12-05 14:45:08,196 - INFO - app.py - get_seats_info - 247 - testing info log
2018-12-05 14:45:08,534 - INFO - app.py - get_seats_info - 247 - testing info log
2018-12-05 14:45:09,010 - INFO - app.py - get_seats_info - 247 - testing info log
2018-12-05 14:45:09,202 - INFO - app.py - get_seats_info - 247 - testing info log
2018-12-05 14:45:09,542 - INFO - app.py - get_seats_info - 247 - testing info log
2018-12-05 14:45:10,193 - INFO - app.py - get_seats_info - 247 - testing info log
2018-12-05 14:45:10,533 - INFO - app.py - get_seats_info - 247 - testing info log
2018-12-05 14:45:11,001 - INFO - app.py - get_seats_info - 247 - testing info log
2018-12-05 14:45:11,267 - INFO - app.py - get_seats_info - 247 - testing info log
2018-12-05 14:45:11,534 - INFO - app.py - get_seats_info - 247 - testing info log
2018-12-05 14:45:12,196 - INFO - app.py - get_seats_info - 247 - testing info log
2018-12-05 14:45:12,539 - INFO - app.py - get_seats_info - 247 - testing info log
2018-12-05 14:45:12,981 - INFO - app.py - get_seats_info - 247 - testing info log
2018-12-05 14:45:13,262 - INFO - app.py - get_seats_info - 247 - testing info log
2018-12-05 14:45:13,544 - INFO - app.py - get_seats_info - 247 - testing info log
2018-12-05 14:45:14,262 - INFO - app.py - get_seats_info - 247 - testing info log
2018-12-05 14:45:14,557 - INFO - app.py - get_seats_info - 247 - testing info log
2018-12-05 14:45:14,983 - INFO - app.py - get_seats_info - 247 - testing info log
2018-12-05 14:45:15,269 - INFO - app.py - get_seats_info - 247 - testing info log
2018-12-05 14:45:15,547 - INFO - app.py - get_seats_info - 247 - testing info log
2018-12-05 14:45:16,267 - INFO - app.py - get_seats_info - 247 - testing info log
2018-12-05 14:45:16,545 - INFO - app.py - get_seats_info - 247 - testing info log
2018-12-05 14:45:17,268 - INFO - app.py - get_seats_info - 247 - testing info log
2018-12-05 14:45:17,530 - INFO - app.py - get_seats_info - 247 - testing info log
2018-12-05 14:45:18,264 - INFO - app.py - get_seats_info - 247 - testing info log
2018-12-05 14:45:18,540 - INFO - app.py - get_seats_info - 247 - testing info log
2018-12-05 14:45:19,266 - INFO - app.py - get_seats_info - 247 - testing info log
2018-12-05 14:45:19,531 - INFO - app.py - get_seats_info - 247 - testing info log
2018-12-05 14:45:20,265 - INFO - app.py - get_seats_info - 247 - testing info log
2018-12-05 14:45:20,535 - INFO - app.py - get_seats_info - 247 - testing info log
2018-12-05 14:45:21,215 - INFO - app.py - get_seats_info - 247 - testing info log
2018-12-05 14:45:21,255 - INFO - app.py - get_seats_info - 247 - testing info log
2018-12-05 14:45:21,537 - INFO - app.py - get_seats_info - 247 - testing info log
2018-12-05 14:45:22,279 - INFO - app.py - get_seats_info - 247 - testing info log
2018-12-05 14:45:22,577 - INFO - app.py - get_seats_info - 247 - testing info log
2018-12-05 14:45:23,254 - INFO - app.py - get_seats_info - 247 - testing info log
2018-12-05 14:45:23,531 - INFO - app.py - get_seats_info - 247 - testing info log
2018-12-05 14:45:24,263 - INFO - app.py - get_seats_info - 247 - testing info log
2018-12-05 14:45:24,552 - INFO - app.py - get_seats_info - 247 - testing info log
2018-12-05 14:45:25,243 - INFO - app.py - get_seats_info - 247 - testing info log
2018-12-05 14:45:25,530 - INFO - app.py - get_seats_info - 247 - testing info log
2018-12-05 14:45:26,272 - INFO - app.py - get_seats_info - 247 - testing info log
2018-12-05 14:45:26,532 - INFO - app.py - get_seats_info - 247 - testing info log
2018-12-05 14:45:27,229 - INFO - app.py - get_seats_info - 247 - testing info log
2018-12-05 14:45:27,552 - INFO - app.py - get_seats_info - 247 - testing info log
2018-12-05 14:45:28,342 - INFO - app.py - get_seats_info - 247 - testing info log
2018-12-05 14:45:28,534 - INFO - app.py - get_seats_info - 247 - testing info log
2018-12-05 14:45:29,529 - INFO - app.py - get_seats_info - 247 - testing info log
2018-12-05 14:45:30,544 - INFO - app.py - get_seats_info - 247 - testing info log
2018-12-05 14:45:31,536 - INFO - app.py - get_seats_info - 247 - testing info log
2018-12-05 14:45:32,529 - INFO - app.py - get_seats_info - 247 - testing info log
2018-12-05 14:45:33,535 - INFO - app.py - get_seats_info - 247 - testing info log
2018-12-05 14:45:34,532 - INFO - app.py - get_seats_info - 247 - testing info log
2018-12-05 14:45:35,537 - INFO - app.py - get_seats_info - 247 - testing info log
2018-12-05 14:45:36,549 - INFO - app.py - get_seats_info - 247 - testing info log
2018-12-05 14:45:37,539 - INFO - app.py - get_seats_info - 247 - testing info log
2018-12-05 14:45:38,548 - INFO - app.py - get_seats_info - 247 - testing info log
2018-12-05 14:45:39,539 - INFO - app.py - get_seats_info - 247 - testing info log
2018-12-05 14:45:40,530 - INFO - app.py - get_seats_info - 247 - testing info log
2018-12-05 14:45:41,536 - INFO - app.py - get_seats_info - 247 - testing info log
2018-12-05 14:45:42,592 - INFO - app.py - get_seats_info - 247 - testing info log
2018-12-05 14:45:43,571 - INFO - app.py - get_seats_info - 247 - testing info log
2018-12-05 15:33:55,035 - INFO - app.py - get_seats_info - 247 - seats_info
2018-12-05 15:33:55,086 - INFO - app.py - get_seats_info - 247 - seats_info
2018-12-05 15:33:55,234 - INFO - app.py - get_seats_info - 247 - seats_info
2018-12-05 15:33:55,252 - INFO - app.py - get_seats_info - 247 - seats_info
2018-12-05 15:33:55,363 - INFO - app.py - get_seats_info - 247 - seats_info
2018-12-05 15:33:55,766 - INFO - app.py - get_seats_info - 247 - seats_info
2018-12-05 15:33:56,655 - INFO - app.py - get_seats_info - 247 - seats_info
2018-12-05 15:33:56,752 - INFO - app.py - get_seats_info - 247 - seats_info
2018-12-05 15:33:57,361 - INFO - app.py - get_seats_info - 247 - seats_info
2018-12-05 15:33:57,910 - INFO - app.py - get_seats_info - 247 - seats_info
2018-12-05 15:33:58,366 - INFO - app.py - get_seats_info - 247 - seats_info
2018-12-05 15:33:58,767 - INFO - app.py - get_seats_info - 247 - seats_info
2018-12-05 15:33:59,455 - INFO - app.py - get_seats_info - 247 - seats_info
2018-12-05 15:33:59,790 - INFO - app.py - get_seats_info - 247 - seats_info
2018-12-05 15:33:59,812 - INFO - app.py - get_seats_count_today - 317 - seats_count_today
2018-12-05 15:34:00,454 - INFO - app.py - get_seats_info - 247 - seats_info
2018-12-05 15:34:00,751 - INFO - app.py - get_seats_info - 247 - seats_info
2018-12-05 15:34:01,376 - INFO - app.py - get_seats_info - 247 - seats_info
2018-12-05 15:34:01,398 - INFO - app.py - get_seats_count_today - 317 - seats_count_today
2018-12-05 15:34:01,754 - INFO - app.py - get_seats_info - 247 - seats_info
2018-12-05 15:34:02,438 - INFO - app.py - get_seats_info - 247 - seats_info
2018-12-05 15:34:02,752 - INFO - app.py - get_seats_info - 247 - seats_info
2018-12-05 15:34:03,506 - INFO - app.py - get_seats_info - 247 - seats_info
2018-12-05 15:34:03,763 - INFO - app.py - get_seats_info - 247 - seats_info
2018-12-05 15:34:04,433 - INFO - app.py - get_seats_info - 247 - seats_info
2018-12-05 15:34:04,753 - INFO - app.py - get_seats_info - 247 - seats_info
2018-12-05 15:34:05,435 - INFO - app.py - get_seats_info - 247 - seats_info
2018-12-05 15:34:05,760 - INFO - app.py - get_seats_info - 247 - seats_info
2018-12-05 15:34:06,484 - INFO - app.py - get_seats_info - 247 - seats_info
2018-12-05 15:34:06,759 - INFO - app.py - get_seats_info - 247 - seats_info
2018-12-05 15:34:07,408 - INFO - app.py - get_seats_info - 247 - seats_info
2018-12-05 15:34:07,752 - INFO - app.py - get_seats_info - 247 - seats_info
2018-12-05 15:34:08,438 - INFO - app.py - get_seats_info - 247 - seats_info
2018-12-05 15:34:08,752 - INFO - app.py - get_seats_info - 247 - seats_info
2018-12-05 15:34:09,428 - INFO - app.py - get_seats_info - 247 - seats_info
2018-12-05 15:34:09,747 - INFO - app.py - get_seats_info - 247 - seats_info
2018-12-05 15:34:09,774 - INFO - app.py - get_seats_count - 282 - seats_count
2018-12-05 15:34:09,795 - INFO - app.py - get_seats_count_today - 317 - seats_count_today
2018-12-05 15:34:10,468 - INFO - app.py - get_seats_info - 247 - seats_info
2018-12-05 15:34:10,747 - INFO - app.py - get_seats_info - 247 - seats_info
2018-12-05 15:34:11,444 - INFO - app.py - get_seats_info - 247 - seats_info
2018-12-05 15:34:11,470 - INFO - app.py - get_seats_count - 282 - seats_count
2018-12-05 15:34:11,491 - INFO - app.py - get_seats_count_today - 317 - seats_count_today
2018-12-05 15:34:11,777 - INFO - app.py - get_seats_info - 247 - seats_info
2018-12-05 15:34:12,434 - INFO - app.py - get_seats_info - 247 - seats_info
2018-12-05 15:34:12,752 - INFO - app.py - get_seats_info - 247 - seats_info
2018-12-05 15:34:13,460 - INFO - app.py - get_seats_info - 247 - seats_info
2018-12-05 15:34:13,746 - INFO - app.py - get_seats_info - 247 - seats_info
2018-12-05 15:34:14,475 - INFO - app.py - get_seats_info - 247 - seats_info
2018-12-05 15:34:14,759 - INFO - app.py - get_seats_info - 247 - seats_info
2018-12-05 15:34:15,391 - INFO - app.py - get_seats_info - 247 - seats_info
2018-12-05 15:34:15,752 - INFO - app.py - get_seats_info - 247 - seats_info
2018-12-05 15:34:16,457 - INFO - app.py - get_seats_info - 247 - seats_info
2018-12-05 15:34:16,758 - INFO - app.py - get_seats_info - 247 - seats_info
2018-12-05 15:34:17,392 - INFO - app.py - get_seats_info - 247 - seats_info
2018-12-05 15:34:17,756 - INFO - app.py - get_seats_info - 247 - seats_info
2018-12-05 15:34:18,446 - INFO - app.py - get_seats_info - 247 - seats_info
2018-12-05 15:34:18,762 - INFO - app.py - get_seats_info - 247 - seats_info
2018-12-05 15:34:19,250 - INFO - app.py - get_seats_count - 282 - seats_count
2018-12-05 15:34:19,270 - INFO - app.py - get_seats_count_today - 317 - seats_count_today
2018-12-05 15:34:19,285 - INFO - app.py - get_seats_info - 247 - seats_info
2018-12-05 15:34:19,382 - INFO - app.py - get_seats_info - 247 - seats_info
2018-12-05 15:34:19,759 - INFO - app.py - get_seats_count_today - 317 - seats_count_today
2018-12-05 15:34:19,771 - INFO - app.py - get_seats_info - 247 - seats_info
2018-12-05 15:34:20,452 - INFO - app.py - get_seats_info - 247 - seats_info
2018-12-05 15:34:20,748 - INFO - app.py - get_seats_info - 247 - seats_info
2018-12-05 15:34:21,368 - INFO - app.py - get_seats_info - 247 - seats_info
2018-12-05 15:34:21,389 - INFO - app.py - get_seats_count_today - 317 - seats_count_today
2018-12-05 15:34:21,780 - INFO - app.py - get_seats_info - 247 - seats_info
2018-12-05 15:34:22,462 - INFO - app.py - get_seats_info - 247 - seats_info
2018-12-05 15:34:22,761 - INFO - app.py - get_seats_info - 247 - seats_info
2018-12-05 15:34:23,349 - INFO - app.py - get_seats_info - 247 - seats_info
2018-12-05 15:34:23,787 - INFO - app.py - get_seats_info - 247 - seats_info
2018-12-05 15:34:24,372 - INFO - app.py - get_seats_info - 247 - seats_info
2018-12-05 15:34:24,771 - INFO - app.py - get_seats_info - 247 - seats_info
2018-12-05 15:34:25,433 - INFO - app.py - get_seats_info - 247 - seats_info
2018-12-05 15:34:25,768 - INFO - app.py - get_seats_info - 247 - seats_info
2018-12-05 15:34:26,454 - INFO - app.py - get_seats_info - 247 - seats_info
2018-12-05 15:34:26,758 - INFO - app.py - get_seats_info - 247 - seats_info
2018-12-05 15:34:27,414 - INFO - app.py - get_seats_info - 247 - seats_info
2018-12-05 15:34:27,748 - INFO - app.py - get_seats_info - 247 - seats_info
2018-12-05 15:34:28,452 - INFO - app.py - get_seats_info - 247 - seats_info
2018-12-05 15:34:28,791 - INFO - app.py - get_seats_info - 247 - seats_info
2018-12-05 15:34:29,422 - INFO - app.py - get_seats_info - 247 - seats_info
2018-12-05 15:34:29,839 - INFO - app.py - get_seats_count_today - 317 - seats_count_today
2018-12-05 15:34:29,863 - INFO - app.py - get_seats_count - 282 - seats_count
2018-12-05 15:34:29,876 - INFO - app.py - get_seats_info - 247 - seats_info
2018-12-05 15:34:30,437 - INFO - app.py - get_seats_info - 247 - seats_info
2018-12-05 15:34:30,765 - INFO - app.py - get_seats_info - 247 - seats_info
2018-12-05 15:34:31,433 - INFO - app.py - get_seats_info - 247 - seats_info
2018-12-05 15:34:31,458 - INFO - app.py - get_seats_count - 282 - seats_count
2018-12-05 15:34:31,478 - INFO - app.py - get_seats_count_today - 317 - seats_count_today
2018-12-05 15:34:31,768 - INFO - app.py - get_seats_info - 247 - seats_info
2018-12-05 15:34:32,460 - INFO - app.py - get_seats_info - 247 - seats_info
2018-12-05 15:34:32,780 - INFO - app.py - get_seats_info - 247 - seats_info
2018-12-05 15:34:33,457 - INFO - app.py - get_seats_info - 247 - seats_info
2018-12-05 15:34:33,793 - INFO - app.py - get_seats_info - 247 - seats_info
2018-12-05 15:34:34,454 - INFO - app.py - get_seats_info - 247 - seats_info
2018-12-05 15:34:34,788 - INFO - app.py - get_seats_info - 247 - seats_info
2018-12-05 15:34:35,419 - INFO - app.py - get_seats_info - 247 - seats_info
2018-12-05 15:34:35,854 - INFO - app.py - get_seats_info - 247 - seats_info
2018-12-05 15:34:36,457 - INFO - app.py - get_seats_info - 247 - seats_info
2018-12-05 15:34:36,761 - INFO - app.py - get_seats_info - 247 - seats_info
2018-12-05 15:34:37,415 - INFO - app.py - get_seats_info - 247 - seats_info
2018-12-05 15:34:37,795 - INFO - app.py - get_seats_info - 247 - seats_info
2018-12-05 15:34:38,349 - INFO - app.py - get_seats_info - 247 - seats_info
2018-12-05 15:34:38,756 - INFO - app.py - get_seats_info - 247 - seats_info
2018-12-05 15:34:39,445 - INFO - app.py - get_seats_info - 247 - seats_info
2018-12-05 15:34:39,747 - INFO - app.py - get_seats_info - 247 - seats_info
2018-12-05 15:34:39,771 - INFO - app.py - get_seats_count_today - 317 - seats_count_today
2018-12-05 15:34:40,419 - INFO - app.py - get_seats_info - 247 - seats_info
2018-12-05 15:34:40,761 - INFO - app.py - get_seats_info - 247 - seats_info
2018-12-05 15:34:41,431 - INFO - app.py - get_seats_info - 247 - seats_info
2018-12-05 15:34:41,453 - INFO - app.py - get_seats_count_today - 317 - seats_count_today
2018-12-05 15:34:41,747 - INFO - app.py - get_seats_info - 247 - seats_info
2018-12-05 15:34:42,022 - INFO - app.py - get_seats_count_today - 317 - seats_count_today
2018-12-05 15:34:42,038 - INFO - app.py - get_seats_info - 247 - seats_info
2018-12-05 15:34:42,068 - INFO - app.py - get_seats_count - 282 - seats_count
2018-12-05 15:34:42,456 - INFO - app.py - get_seats_info - 247 - seats_info
2018-12-05 15:34:42,754 - INFO - app.py - get_seats_info - 247 - seats_info
2018-12-05 15:34:43,405 - INFO - app.py - get_seats_info - 247 - seats_info
2018-12-05 15:34:43,759 - INFO - app.py - get_seats_info - 247 - seats_info
2018-12-05 15:34:44,410 - INFO - app.py - get_seats_info - 247 - seats_info
2018-12-05 15:34:44,745 - INFO - app.py - get_seats_info - 247 - seats_info
2018-12-05 15:34:45,459 - INFO - app.py - get_seats_info - 247 - seats_info
2018-12-05 15:34:45,745 - INFO - app.py - get_seats_info - 247 - seats_info
2018-12-05 15:34:46,348 - INFO - app.py - get_seats_info - 247 - seats_info
2018-12-05 15:34:46,756 - INFO - app.py - get_seats_info - 247 - seats_info
2018-12-05 15:34:47,440 - INFO - app.py - get_seats_info - 247 - seats_info
2018-12-05 15:34:47,745 - INFO - app.py - get_seats_info - 247 - seats_info
2018-12-05 15:34:48,422 - INFO - app.py - get_seats_info - 247 - seats_info
2018-12-05 15:34:48,745 - INFO - app.py - get_seats_info - 247 - seats_info
2018-12-05 15:34:49,435 - INFO - app.py - get_seats_info - 247 - seats_info
2018-12-05 15:34:49,754 - INFO - app.py - get_seats_info - 247 - seats_info
2018-12-05 15:34:49,782 - INFO - app.py - get_seats_count - 282 - seats_count
2018-12-05 15:34:49,803 - INFO - app.py - get_seats_count_today - 317 - seats_count_today
2018-12-05 15:34:50,424 - INFO - app.py - get_seats_info - 247 - seats_info
2018-12-05 15:34:50,748 - INFO - app.py - get_seats_info - 247 - seats_info
2018-12-05 15:34:51,431 - INFO - app.py - get_seats_info - 247 - seats_info
2018-12-05 15:34:51,459 - INFO - app.py - get_seats_count - 282 - seats_count
2018-12-05 15:34:51,482 - INFO - app.py - get_seats_count_today - 317 - seats_count_today
2018-12-05 15:34:51,750 - INFO - app.py - get_seats_info - 247 - seats_info
2018-12-05 15:34:52,405 - INFO - app.py - get_seats_info - 247 - seats_info
2018-12-05 15:34:52,836 - INFO - app.py - get_seats_info - 247 - seats_info
2018-12-05 15:34:53,446 - INFO - app.py - get_seats_info - 247 - seats_info
2018-12-05 15:34:53,802 - INFO - app.py - get_seats_info - 247 - seats_info
2018-12-05 15:34:54,415 - INFO - app.py - get_seats_info - 247 - seats_info
2018-12-05 15:34:54,755 - INFO - app.py - get_seats_info - 247 - seats_info
2018-12-05 15:34:55,447 - INFO - app.py - get_seats_info - 247 - seats_info
2018-12-05 15:34:55,755 - INFO - app.py - get_seats_info - 247 - seats_info
2018-12-05 15:34:56,392 - INFO - app.py - get_seats_info - 247 - seats_info
2018-12-05 15:34:56,749 - INFO - app.py - get_seats_info - 247 - seats_info
2018-12-05 15:34:57,448 - INFO - app.py - get_seats_info - 247 - seats_info
2018-12-05 15:34:58,110 - INFO - app.py - get_seats_info - 247 - seats_info
2018-12-05 15:34:58,380 - INFO - app.py - get_seats_info - 247 - seats_info
2018-12-05 15:34:58,743 - INFO - app.py - get_seats_info - 247 - seats_info
2018-12-05 15:34:59,461 - INFO - app.py - get_seats_info - 247 - seats_info
2018-12-05 15:34:59,766 - INFO - app.py - get_seats_info - 247 - seats_info
2018-12-05 15:34:59,790 - INFO - app.py - get_seats_count_today - 317 - seats_count_today
2018-12-05 15:35:00,380 - INFO - app.py - get_seats_info - 247 - seats_info
2018-12-05 15:35:00,745 - INFO - app.py - get_seats_info - 247 - seats_info
2018-12-05 15:35:01,463 - INFO - app.py - get_seats_info - 247 - seats_info
2018-12-05 15:35:01,505 - INFO - app.py - get_seats_count_today - 317 - seats_count_today
2018-12-05 15:35:01,777 - INFO - app.py - get_seats_info - 247 - seats_info
2018-12-05 15:35:02,490 - INFO - app.py - get_seats_info - 247 - seats_info
2018-12-05 15:35:02,753 - INFO - app.py - get_seats_info - 247 - seats_info
2018-12-05 15:35:03,457 - INFO - app.py - get_seats_info - 247 - seats_info
2018-12-05 15:35:03,772 - INFO - app.py - get_seats_info - 247 - seats_info
2018-12-05 15:35:04,411 - INFO - app.py - get_seats_info - 247 - seats_info
2018-12-05 15:35:04,762 - INFO - app.py - get_seats_info - 247 - seats_info
2018-12-05 15:35:05,431 - INFO - app.py - get_seats_info - 247 - seats_info
2018-12-05 15:35:05,761 - INFO - app.py - get_seats_info - 247 - seats_info
2018-12-05 15:35:06,429 - INFO - app.py - get_seats_info - 247 - seats_info
2018-12-05 15:35:06,751 - INFO - app.py - get_seats_info - 247 - seats_info
2018-12-05 15:35:07,433 - INFO - app.py - get_seats_info - 247 - seats_info
2018-12-05 15:35:07,745 - INFO - app.py - get_seats_info - 247 - seats_info
2018-12-05 15:35:08,429 - INFO - app.py - get_seats_info - 247 - seats_info
2018-12-05 15:35:08,760 - INFO - app.py - get_seats_info - 247 - seats_info
2018-12-05 15:35:09,466 - INFO - app.py - get_seats_info - 247 - seats_info
2018-12-05 15:35:09,750 - INFO - app.py - get_seats_info - 247 - seats_info
2018-12-05 15:35:09,775 - INFO - app.py - get_seats_count_today - 317 - seats_count_today
2018-12-05 15:35:09,800 - INFO - app.py - get_seats_count - 282 - seats_count
2018-12-05 15:35:10,408 - INFO - app.py - get_seats_info - 247 - seats_info
2018-12-05 15:35:10,745 - INFO - app.py - get_seats_info - 247 - seats_info
2018-12-05 15:35:11,464 - INFO - app.py - get_seats_info - 247 - seats_info
2018-12-05 15:35:11,492 - INFO - app.py - get_seats_count - 282 - seats_count
2018-12-05 15:35:11,515 - INFO - app.py - get_seats_count_today - 317 - seats_count_today
2018-12-05 15:35:11,770 - INFO - app.py - get_seats_info - 247 - seats_info
2018-12-05 15:35:12,404 - INFO - app.py - get_seats_info - 247 - seats_info
2018-12-05 15:35:12,758 - INFO - app.py - get_seats_info - 247 - seats_info
2018-12-05 15:35:13,428 - INFO - app.py - get_seats_info - 247 - seats_info
2018-12-05 15:35:13,767 - INFO - app.py - get_seats_info - 247 - seats_info
2018-12-05 15:35:14,442 - INFO - app.py - get_seats_info - 247 - seats_info
2018-12-05 15:35:14,754 - INFO - app.py - get_seats_info - 247 - seats_info
2018-12-05 15:35:15,408 - INFO - app.py - get_seats_info - 247 - seats_info
2018-12-05 15:35:15,890 - INFO - app.py - get_seats_info - 247 - seats_info
2018-12-05 15:35:16,357 - INFO - app.py - get_seats_info - 247 - seats_info
2018-12-05 15:35:16,803 - INFO - app.py - get_seats_info - 247 - seats_info
2018-12-05 15:35:17,448 - INFO - app.py - get_seats_info - 247 - seats_info
2018-12-05 15:35:17,750 - INFO - app.py - get_seats_info - 247 - seats_info
2018-12-05 15:35:18,419 - INFO - app.py - get_seats_info - 247 - seats_info
2018-12-05 15:35:18,756 - INFO - app.py - get_seats_info - 247 - seats_info
2018-12-05 15:35:19,456 - INFO - app.py - get_seats_info - 247 - seats_info
2018-12-05 15:35:19,755 - INFO - app.py - get_seats_info - 247 - seats_info
2018-12-05 15:35:19,780 - INFO - app.py - get_seats_count_today - 317 - seats_count_today
2018-12-05 15:35:20,418 - INFO - app.py - get_seats_info - 247 - seats_info
2018-12-05 15:35:20,754 - INFO - app.py - get_seats_info - 247 - seats_info
2018-12-05 15:35:21,433 - INFO - app.py - get_seats_info - 247 - seats_info
2018-12-05 15:35:21,455 - INFO - app.py - get_seats_count_today - 317 - seats_count_today
2018-12-05 15:35:21,772 - INFO - app.py - get_seats_info - 247 - seats_info
2018-12-05 15:35:22,436 - INFO - app.py - get_seats_info - 247 - seats_info
2018-12-05 15:35:22,795 - INFO - app.py - get_seats_info - 247 - seats_info
2018-12-05 15:35:23,425 - INFO - app.py - get_seats_info - 247 - seats_info
2018-12-05 15:35:23,777 - INFO - app.py - get_seats_info - 247 - seats_info
2018-12-05 15:35:24,446 - INFO - app.py - get_seats_info - 247 - seats_info
2018-12-05 15:35:24,759 - INFO - app.py - get_seats_info - 247 - seats_info
2018-12-05 15:35:25,419 - INFO - app.py - get_seats_info - 247 - seats_info
2018-12-05 15:35:25,752 - INFO - app.py - get_seats_info - 247 - seats_info
2018-12-05 15:35:26,371 - INFO - app.py - get_seats_info - 247 - seats_info
2018-12-05 15:35:26,747 - INFO - app.py - get_seats_info - 247 - seats_info
2018-12-05 15:35:27,450 - INFO - app.py - get_seats_info - 247 - seats_info
2018-12-05 15:35:27,977 - INFO - app.py - get_seats_info - 247 - seats_info
2018-12-05 15:35:28,473 - INFO - app.py - get_seats_info - 247 - seats_info
2018-12-05 15:35:28,765 - INFO - app.py - get_seats_info - 247 - seats_info
2018-12-05 15:35:29,408 - INFO - app.py - get_seats_info - 247 - seats_info
2018-12-05 15:35:29,772 - INFO - app.py - get_seats_info - 247 - seats_info
2018-12-05 15:35:29,804 - INFO - app.py - get_seats_count - 282 - seats_count
2018-12-05 15:35:29,827 - INFO - app.py - get_seats_count_today - 317 - seats_count_today
2018-12-05 15:35:30,438 - INFO - app.py - get_seats_info - 247 - seats_info
2018-12-05 15:35:30,764 - INFO - app.py - get_seats_info - 247 - seats_info
2018-12-05 15:35:31,409 - INFO - app.py - get_seats_info - 247 - seats_info
2018-12-05 15:35:31,437 - INFO - app.py - get_seats_count - 282 - seats_count
2018-12-05 15:35:31,460 - INFO - app.py - get_seats_count_today - 317 - seats_count_today
2018-12-05 15:35:32,050 - INFO - app.py - get_seats_info - 247 - seats_info
2018-12-05 15:35:32,421 - INFO - app.py - get_seats_info - 247 - seats_info
2018-12-05 15:35:32,762 - INFO - app.py - get_seats_info - 247 - seats_info
2018-12-05 15:35:33,433 - INFO - app.py - get_seats_info - 247 - seats_info
2018-12-05 15:35:33,771 - INFO - app.py - get_seats_info - 247 - seats_info
2018-12-05 15:35:34,428 - INFO - app.py - get_seats_info - 247 - seats_info
2018-12-05 15:35:34,785 - INFO - app.py - get_seats_info - 247 - seats_info
2018-12-05 15:35:35,491 - INFO - app.py - get_seats_info - 247 - seats_info
2018-12-05 15:35:35,856 - INFO - app.py - get_seats_info - 247 - seats_info
2018-12-05 15:35:36,400 - INFO - app.py - get_seats_info - 247 - seats_info
2018-12-05 15:35:36,760 - INFO - app.py - get_seats_info - 247 - seats_info
2018-12-05 15:35:37,432 - INFO - app.py - get_seats_info - 247 - seats_info
2018-12-05 15:35:37,778 - INFO - app.py - get_seats_info - 247 - seats_info
2018-12-05 15:35:38,426 - INFO - app.py - get_seats_info - 247 - seats_info
2018-12-05 15:35:38,759 - INFO - app.py - get_seats_info - 247 - seats_info
2018-12-05 15:35:39,432 - INFO - app.py - get_seats_info - 247 - seats_info
2018-12-05 15:35:39,800 - INFO - app.py - get_seats_info - 247 - seats_info
2018-12-05 15:35:39,823 - INFO - app.py - get_seats_count_today - 317 - seats_count_today
2018-12-05 15:35:40,433 - INFO - app.py - get_seats_info - 247 - seats_info
2018-12-05 15:35:40,745 - INFO - app.py - get_seats_info - 247 - seats_info
2018-12-05 15:35:41,427 - INFO - app.py - get_seats_info - 247 - seats_info
2018-12-05 15:35:41,450 - INFO - app.py - get_seats_count_today - 317 - seats_count_today
2018-12-05 15:35:41,760 - INFO - app.py - get_seats_info - 247 - seats_info
2018-12-05 15:35:42,434 - INFO - app.py - get_seats_info - 247 - seats_info
2018-12-05 15:35:42,751 - INFO - app.py - get_seats_info - 247 - seats_info
2018-12-05 15:35:43,435 - INFO - app.py - get_seats_info - 247 - seats_info
2018-12-05 15:35:43,796 - INFO - app.py - get_seats_info - 247 - seats_info
2018-12-05 15:35:44,426 - INFO - app.py - get_seats_info - 247 - seats_info
2018-12-05 15:35:44,814 - INFO - app.py - get_seats_info - 247 - seats_info
2018-12-05 15:35:45,435 - INFO - app.py - get_seats_info - 247 - seats_info
2018-12-05 15:35:45,773 - INFO - app.py - get_seats_info - 247 - seats_info
2018-12-05 15:35:46,435 - INFO - app.py - get_seats_info - 247 - seats_info
2018-12-05 15:35:46,745 - INFO - app.py - get_seats_info - 247 - seats_info
2018-12-05 15:35:47,433 - INFO - app.py - get_seats_info - 247 - seats_info
2018-12-05 15:35:47,754 - INFO - app.py - get_seats_info - 247 - seats_info
2018-12-05 15:35:48,432 - INFO - app.py - get_seats_info - 247 - seats_info
2018-12-05 15:35:48,763 - INFO - app.py - get_seats_info - 247 - seats_info
2018-12-05 15:35:49,432 - INFO - app.py - get_seats_info - 247 - seats_info
2018-12-05 15:35:49,761 - INFO - app.py - get_seats_count - 282 - seats_count
2018-12-05 15:35:49,785 - INFO - app.py - get_seats_info - 247 - seats_info
2018-12-05 15:35:49,814 - INFO - app.py - get_seats_count_today - 317 - seats_count_today
2018-12-05 15:35:50,372 - INFO - app.py - get_seats_info - 247 - seats_info
2018-12-05 15:35:50,746 - INFO - app.py - get_seats_info - 247 - seats_info
2018-12-05 15:35:51,436 - INFO - app.py - get_seats_info - 247 - seats_info
2018-12-05 15:35:51,464 - INFO - app.py - get_seats_count - 282 - seats_count
2018-12-05 15:35:51,487 - INFO - app.py - get_seats_count_today - 317 - seats_count_today
2018-12-05 15:35:51,757 - INFO - app.py - get_seats_info - 247 - seats_info
2018-12-05 15:35:52,378 - INFO - app.py - get_seats_info - 247 - seats_info
2018-12-05 15:35:52,790 - INFO - app.py - get_seats_info - 247 - seats_info
2018-12-05 15:35:53,449 - INFO - app.py - get_seats_info - 247 - seats_info
2018-12-05 15:35:54,242 - INFO - app.py - get_seats_info - 247 - seats_info
2018-12-05 15:35:54,422 - INFO - app.py - get_seats_info - 247 - seats_info
2018-12-05 15:35:54,747 - INFO - app.py - get_seats_info - 247 - seats_info
2018-12-05 15:35:55,482 - INFO - app.py - get_seats_info - 247 - seats_info
2018-12-05 15:35:55,836 - INFO - app.py - get_seats_info - 247 - seats_info
2018-12-05 15:35:56,399 - INFO - app.py - get_seats_info - 247 - seats_info
2018-12-05 15:35:56,774 - INFO - app.py - get_seats_info - 247 - seats_info
2018-12-05 15:35:57,378 - INFO - app.py - get_seats_info - 247 - seats_info
2018-12-05 15:35:57,976 - INFO - app.py - get_seats_info - 247 - seats_info
2018-12-05 15:35:58,464 - INFO - app.py - get_seats_info - 247 - seats_info
2018-12-05 15:35:58,754 - INFO - app.py - get_seats_info - 247 - seats_info
2018-12-05 15:35:59,419 - INFO - app.py - get_seats_info - 247 - seats_info
2018-12-05 15:35:59,764 - INFO - app.py - get_seats_info - 247 - seats_info
2018-12-05 15:35:59,833 - INFO - app.py - get_seats_count_today - 317 - seats_count_today
2018-12-05 15:36:00,438 - INFO - app.py - get_seats_info - 247 - seats_info
2018-12-05 15:36:01,434 - INFO - app.py - get_seats_info - 247 - seats_info
2018-12-05 15:36:01,458 - INFO - app.py - get_seats_count_today - 317 - seats_count_today
2018-12-05 15:36:01,543 - INFO - app.py - get_seats_info - 247 - seats_info
2018-12-05 15:36:01,893 - INFO - app.py - get_seats_info - 247 - seats_info
2018-12-05 15:36:02,439 - INFO - app.py - get_seats_info - 247 - seats_info
2018-12-05 15:36:02,750 - INFO - app.py - get_seats_info - 247 - seats_info
2018-12-05 15:36:03,460 - INFO - app.py - get_seats_info - 247 - seats_info
2018-12-05 15:36:03,900 - INFO - app.py - get_seats_info - 247 - seats_info
2018-12-05 15:36:04,397 - INFO - app.py - get_seats_info - 247 - seats_info
2018-12-05 15:36:04,774 - INFO - app.py - get_seats_info - 247 - seats_info
2018-12-05 15:36:05,441 - INFO - app.py - get_seats_info - 247 - seats_info
2018-12-05 15:36:05,820 - INFO - app.py - get_seats_info - 247 - seats_info
2018-12-05 15:36:06,434 - INFO - app.py - get_seats_info - 247 - seats_info
2018-12-05 15:36:06,528 - INFO - app.py - get_seats_info - 247 - seats_info
2018-12-05 15:36:06,610 - INFO - app.py - get_seats_info - 247 - seats_info
2018-12-05 15:36:06,787 - INFO - app.py - get_seats_info - 247 - seats_info
2018-12-05 15:36:07,162 - INFO - app.py - get_seats_info - 247 - seats_info
2018-12-05 15:36:07,434 - INFO - app.py - get_seats_info - 247 - seats_info
2018-12-05 15:36:07,759 - INFO - app.py - get_seats_info - 247 - seats_info
2018-12-05 15:36:08,089 - INFO - app.py - get_seats_info - 247 - seats_info
2018-12-05 15:36:08,434 - INFO - app.py - get_seats_info - 247 - seats_info
2018-12-05 15:36:08,747 - INFO - app.py - get_seats_info - 247 - seats_info
2018-12-05 15:36:09,096 - INFO - app.py - get_seats_info - 247 - seats_info
2018-12-05 15:36:09,439 - INFO - app.py - get_seats_info - 247 - seats_info
